<?xml version="1.0" encoding="UTF-8"?>
<robot generator="Robot 7.1.1 (Python 3.13.0 on win32)" generated="2024-12-11T11:07:27.676187" rpa="false" schemaversion="5">
<suite id="s1" name="Locaratio" source="c:\Users\Pablo\Documents\locadora-pablo\test\locaratio.robot">
<test id="s1-t1" name="Locatario" line="28">
<kw name="Login">
<kw name="Open Browser" owner="SeleniumLibrary">
<msg time="2024-12-11T11:07:28.950827" level="INFO">Opening browser 'chrome' to base url 'http://localhost:9000'.</msg>
<arg>${BASE_URL}</arg>
<arg>chrome</arg>
<doc>Opens a new browser instance to the optional ``url``.</doc>
<status status="PASS" start="2024-12-11T11:07:28.949901" elapsed="3.285277"/>
</kw>
<kw name="Maximize Browser Window" owner="SeleniumLibrary">
<doc>Maximizes current browser window.</doc>
<status status="PASS" start="2024-12-11T11:07:32.235937" elapsed="0.254159"/>
</kw>
<kw name="Wait Until Element Is Visible" owner="SeleniumLibrary">
<arg>css=[itemid="emailInput"]</arg>
<arg>timeout=10s</arg>
<doc>Waits until the element ``locator`` is visible.</doc>
<status status="PASS" start="2024-12-11T11:07:32.490587" elapsed="0.080253"/>
</kw>
<kw name="Click Element" owner="SeleniumLibrary">
<msg time="2024-12-11T11:07:32.571888" level="INFO">Clicking element 'css=[itemid="emailInput"]'.</msg>
<arg>css=[itemid="emailInput"]</arg>
<doc>Click the element identified by ``locator``.</doc>
<status status="PASS" start="2024-12-11T11:07:32.571359" elapsed="0.153120"/>
</kw>
<kw name="Element Should Be Enabled" owner="SeleniumLibrary">
<arg>css=[itemid="emailInput"]</arg>
<doc>Verifies that element identified by ``locator`` is enabled.</doc>
<status status="PASS" start="2024-12-11T11:07:32.725417" elapsed="0.051575"/>
</kw>
<kw name="Input Text" owner="SeleniumLibrary">
<msg time="2024-12-11T11:07:32.777718" level="INFO">Typing text 'admin@gmail.com' into text field 'css=[itemid="emailInput"]'.</msg>
<arg>css=[itemid="emailInput"]</arg>
<arg>${EMAIL}</arg>
<doc>Types the given ``text`` into the text field identified by ``locator``.</doc>
<status status="PASS" start="2024-12-11T11:07:32.777327" elapsed="0.250387"/>
</kw>
<kw name="Wait Until Element Is Visible" owner="SeleniumLibrary">
<arg>css=[itemid="passwordInput"]</arg>
<arg>timeout=10s</arg>
<doc>Waits until the element ``locator`` is visible.</doc>
<status status="PASS" start="2024-12-11T11:07:33.028275" elapsed="0.037736"/>
</kw>
<kw name="Click Element" owner="SeleniumLibrary">
<msg time="2024-12-11T11:07:33.067236" level="INFO">Clicking element 'css=[itemid="passwordInput"]'.</msg>
<arg>css=[itemid="passwordInput"]</arg>
<doc>Click the element identified by ``locator``.</doc>
<status status="PASS" start="2024-12-11T11:07:33.066662" elapsed="0.224826"/>
</kw>
<kw name="Element Should Be Enabled" owner="SeleniumLibrary">
<arg>css=[itemid="passwordInput"]</arg>
<doc>Verifies that element identified by ``locator`` is enabled.</doc>
<status status="PASS" start="2024-12-11T11:07:33.292019" elapsed="0.079338"/>
</kw>
<kw name="Input Text" owner="SeleniumLibrary">
<msg time="2024-12-11T11:07:33.372387" level="INFO">Typing text '12345678' into text field 'css=[itemid="passwordInput"]'.</msg>
<arg>css=[itemid="passwordInput"]</arg>
<arg>${PASSWORD}</arg>
<doc>Types the given ``text`` into the text field identified by ``locator``.</doc>
<status status="PASS" start="2024-12-11T11:07:33.371814" elapsed="0.178619"/>
</kw>
<kw name="Click Element" owner="SeleniumLibrary">
<msg time="2024-12-11T11:07:33.551608" level="INFO">Clicking element 'css=[itemid="loginBtn"]'.</msg>
<arg>css=[itemid="loginBtn"]</arg>
<doc>Click the element identified by ``locator``.</doc>
<status status="PASS" start="2024-12-11T11:07:33.550976" elapsed="0.128239"/>
</kw>
<kw name="Sleep" owner="BuiltIn">
<msg time="2024-12-11T11:07:35.681842" level="INFO">Slept 2 seconds.</msg>
<arg>2</arg>
<doc>Pauses the test executed for the given time.</doc>
<status status="PASS" start="2024-12-11T11:07:33.680188" elapsed="2.002181"/>
</kw>
<status status="PASS" start="2024-12-11T11:07:28.944166" elapsed="6.738862"/>
</kw>
<kw name="Cadastrar Locatario">
<kw name="Click Item In Menu">
<kw name="Set Variable" owner="BuiltIn">
<msg time="2024-12-11T11:07:35.688573" level="INFO">${itemid} = menu-item-locatário</msg>
<var>${itemid}</var>
<arg>menu-item-${menu_item.lower().replace(" ", "-")}</arg>
<doc>Returns the given values which can then be assigned to a variables.</doc>
<status status="PASS" start="2024-12-11T11:07:35.686707" elapsed="0.002238"/>
</kw>
<kw name="Click Element" owner="SeleniumLibrary">
<msg time="2024-12-11T11:07:35.690161" level="INFO">Clicking element 'css=[itemid=menu-item-locatário]'.</msg>
<arg>css=[itemid=${itemid}]</arg>
<doc>Click the element identified by ``locator``.</doc>
<status status="PASS" start="2024-12-11T11:07:35.689441" elapsed="0.130389"/>
</kw>
<arg>Locatário</arg>
<status status="PASS" start="2024-12-11T11:07:35.685681" elapsed="0.134584"/>
</kw>
<kw name="Wait Until Element Is Visible" owner="SeleniumLibrary">
<arg>css=[itemid="menu-item-home"]</arg>
<arg>timeout=10s</arg>
<doc>Waits until the element ``locator`` is visible.</doc>
<status status="PASS" start="2024-12-11T11:07:35.820695" elapsed="0.149007"/>
</kw>
<kw name="Sleep" owner="BuiltIn">
<msg time="2024-12-11T11:07:36.971340" level="INFO">Slept 1 second.</msg>
<arg>1</arg>
<doc>Pauses the test executed for the given time.</doc>
<status status="PASS" start="2024-12-11T11:07:35.970027" elapsed="1.001768"/>
</kw>
<kw name="Click Button" owner="SeleniumLibrary">
<msg time="2024-12-11T11:07:36.972801" level="INFO">Clicking button 'css=[itemid="cadastroBtnLocatario"]'.</msg>
<arg>css=[itemid="cadastroBtnLocatario"]</arg>
<doc>Clicks the button identified by ``locator``.</doc>
<status status="PASS" start="2024-12-11T11:07:36.972237" elapsed="0.275323"/>
</kw>
<kw name="Input Text" owner="SeleniumLibrary">
<msg time="2024-12-11T11:07:37.249526" level="INFO">Typing text 'Locatario Robot' into text field 'css=[itemid="cadastroNomeLocatario"]'.</msg>
<arg>css=[itemid="cadastroNomeLocatario"]</arg>
<arg>${NAME_RENTER}</arg>
<doc>Types the given ``text`` into the text field identified by ``locator``.</doc>
<status status="PASS" start="2024-12-11T11:07:37.248694" elapsed="0.551002"/>
</kw>
<kw name="Input Text" owner="SeleniumLibrary">
<msg time="2024-12-11T11:07:37.800901" level="INFO">Typing text 'locatarioRobot@gmail.com' into text field 'css=[itemid="cadastrarEmailLocatario"]'.</msg>
<arg>css=[itemid="cadastrarEmailLocatario"]</arg>
<arg>${EMAIL_RENTER}</arg>
<doc>Types the given ``text`` into the text field identified by ``locator``.</doc>
<status status="PASS" start="2024-12-11T11:07:37.800240" elapsed="0.341674"/>
</kw>
<kw name="Input Text" owner="SeleniumLibrary">
<msg time="2024-12-11T11:07:38.142653" level="INFO">Typing text '85987858860' into text field 'css=[itemid="cadastroTelefoneLocatario"]'.</msg>
<arg>css=[itemid="cadastroTelefoneLocatario"]</arg>
<arg>${TELEPHONE_RENTER}</arg>
<doc>Types the given ``text`` into the text field identified by ``locator``.</doc>
<status status="PASS" start="2024-12-11T11:07:38.142266" elapsed="0.226138"/>
</kw>
<kw name="Input Text" owner="SeleniumLibrary">
<msg time="2024-12-11T11:07:38.369261" level="INFO">Typing text 'wda' into text field 'css=[itemid="cadastroEnderecoLocatario"]'.</msg>
<arg>css=[itemid="cadastroEnderecoLocatario"]</arg>
<arg>${ADRESS_RENTER}</arg>
<doc>Types the given ``text`` into the text field identified by ``locator``.</doc>
<status status="PASS" start="2024-12-11T11:07:38.368870" elapsed="0.160718"/>
</kw>
<kw name="Input Text" owner="SeleniumLibrary">
<msg time="2024-12-11T11:07:38.530602" level="INFO">Typing text '08214996104' into text field 'css=[itemid="cadastrarCPFLocatario"]'.</msg>
<arg>css=[itemid="cadastrarCPFLocatario"]</arg>
<arg>${CPF_RENTER}</arg>
<doc>Types the given ``text`` into the text field identified by ``locator``.</doc>
<status status="PASS" start="2024-12-11T11:07:38.530108" elapsed="0.256624"/>
</kw>
<kw name="Click Button" owner="SeleniumLibrary">
<msg time="2024-12-11T11:07:38.787930" level="INFO">Clicking button 'css=[itemid="BtnCadastrarLocatario"]'.</msg>
<arg>css=[itemid="BtnCadastrarLocatario"]</arg>
<doc>Clicks the button identified by ``locator``.</doc>
<status status="PASS" start="2024-12-11T11:07:38.787124" elapsed="0.155790"/>
</kw>
<kw name="Sleep" owner="BuiltIn">
<msg time="2024-12-11T11:07:39.945125" level="INFO">Slept 1 second.</msg>
<arg>1</arg>
<doc>Pauses the test executed for the given time.</doc>
<status status="PASS" start="2024-12-11T11:07:38.943767" elapsed="1.001874"/>
</kw>
<status status="PASS" start="2024-12-11T11:07:35.684605" elapsed="4.261438"/>
</kw>
<kw name="Editar Locatario">
<kw name="Sleep" owner="BuiltIn">
<msg time="2024-12-11T11:07:40.948783" level="INFO">Slept 1 second.</msg>
<arg>1</arg>
<doc>Pauses the test executed for the given time.</doc>
<status status="PASS" start="2024-12-11T11:07:39.947739" elapsed="1.001398"/>
</kw>
<kw name="Wait Until Element Is Visible" owner="SeleniumLibrary">
<arg>css=[itemid="edit-Locatario Robot"]</arg>
<doc>Waits until the element ``locator`` is visible.</doc>
<status status="PASS" start="2024-12-11T11:07:40.949738" elapsed="0.028690"/>
</kw>
<kw name="Click Element" owner="SeleniumLibrary">
<msg time="2024-12-11T11:07:40.979029" level="INFO">Clicking element 'css=[itemid="edit-Locatario Robot"]'.</msg>
<arg>css=[itemid="edit-Locatario Robot"]</arg>
<doc>Click the element identified by ``locator``.</doc>
<status status="PASS" start="2024-12-11T11:07:40.978723" elapsed="0.224439"/>
</kw>
<kw name="Sleep" owner="BuiltIn">
<msg time="2024-12-11T11:07:42.205298" level="INFO">Slept 1 second.</msg>
<arg>1</arg>
<doc>Pauses the test executed for the given time.</doc>
<status status="PASS" start="2024-12-11T11:07:41.203712" elapsed="1.002069"/>
</kw>
<kw name="Click Element" owner="SeleniumLibrary">
<msg time="2024-12-11T11:07:42.206819" level="INFO">Clicking element 'css=[itemid="editarNomeLocatario"]'.</msg>
<arg>css=[itemid="editarNomeLocatario"]</arg>
<doc>Click the element identified by ``locator``.</doc>
<status status="PASS" start="2024-12-11T11:07:42.206160" elapsed="0.337669"/>
</kw>
<kw name="Press Keys" owner="SeleniumLibrary">
<msg time="2024-12-11T11:07:42.545332" level="INFO">Sending key(s) ('CTRL+A+BACKSPACE',) to css=[itemid="editarNomeLocatario"] element.</msg>
<msg time="2024-12-11T11:07:42.874830" level="INFO">Pressing special key CONTROL down.</msg>
<msg time="2024-12-11T11:07:42.875267" level="INFO">Sending key A</msg>
<msg time="2024-12-11T11:07:42.875499" level="INFO">Pressing special key BACKSPACE down.</msg>
<msg time="2024-12-11T11:07:42.875651" level="INFO">Releasing special key CONTROL.</msg>
<msg time="2024-12-11T11:07:42.876333" level="INFO">Releasing special key BACKSPACE.</msg>
<arg>css=[itemid="editarNomeLocatario"]</arg>
<arg>CTRL+A+BACKSPACE</arg>
<doc>Simulates the user pressing key(s) to an element or on the active browser.</doc>
<status status="PASS" start="2024-12-11T11:07:42.544323" elapsed="0.388950"/>
</kw>
<kw name="Input Text" owner="SeleniumLibrary">
<msg time="2024-12-11T11:07:42.935004" level="INFO">Typing text 'locatario Robot Atualizacao' into text field 'css=[itemid="editarNomeLocatario"]'.</msg>
<arg>css=[itemid="editarNomeLocatario"]</arg>
<arg>${NAME_RENTER_UPDATE}</arg>
<doc>Types the given ``text`` into the text field identified by ``locator``.</doc>
<status status="PASS" start="2024-12-11T11:07:42.933907" elapsed="0.455435"/>
</kw>
<kw name="Click Element" owner="SeleniumLibrary">
<msg time="2024-12-11T11:07:43.391050" level="INFO">Clicking element 'css=[itemid="editarEmailLocatario"]'.</msg>
<arg>css=[itemid="editarEmailLocatario"]</arg>
<doc>Click the element identified by ``locator``.</doc>
<status status="PASS" start="2024-12-11T11:07:43.390285" elapsed="0.179249"/>
</kw>
<kw name="Press Keys" owner="SeleniumLibrary">
<msg time="2024-12-11T11:07:43.571384" level="INFO">Sending key(s) ('CTRL+A+BACKSPACE',) to css=[itemid="editarEmailLocatario"] element.</msg>
<msg time="2024-12-11T11:07:43.903728" level="INFO">Pressing special key CONTROL down.</msg>
<msg time="2024-12-11T11:07:43.904112" level="INFO">Sending key A</msg>
<msg time="2024-12-11T11:07:43.904369" level="INFO">Pressing special key BACKSPACE down.</msg>
<msg time="2024-12-11T11:07:43.904613" level="INFO">Releasing special key CONTROL.</msg>
<msg time="2024-12-11T11:07:43.904939" level="INFO">Releasing special key BACKSPACE.</msg>
<arg>css=[itemid="editarEmailLocatario"]</arg>
<arg>CTRL+A+BACKSPACE</arg>
<doc>Simulates the user pressing key(s) to an element or on the active browser.</doc>
<status status="PASS" start="2024-12-11T11:07:43.570147" elapsed="0.413876"/>
</kw>
<kw name="Input Text" owner="SeleniumLibrary">
<msg time="2024-12-11T11:07:43.985859" level="INFO">Typing text 'locatarioRobotAtualizacao@gmail.com' into text field 'css=[itemid="editarEmailLocatario"]'.</msg>
<arg>css=[itemid="editarEmailLocatario"]</arg>
<arg>${EMAIL_RENTER_UPDATE}</arg>
<doc>Types the given ``text`` into the text field identified by ``locator``.</doc>
<status status="PASS" start="2024-12-11T11:07:43.984637" elapsed="0.505763"/>
</kw>
<kw name="Click Element" owner="SeleniumLibrary">
<msg time="2024-12-11T11:07:44.491650" level="INFO">Clicking element 'css=[itemid="editarTelefoneLocatario"]'.</msg>
<arg>css=[itemid="editarTelefoneLocatario"]</arg>
<doc>Click the element identified by ``locator``.</doc>
<status status="PASS" start="2024-12-11T11:07:44.490972" elapsed="0.153909"/>
</kw>
<kw name="Press Keys" owner="SeleniumLibrary">
<msg time="2024-12-11T11:07:44.647730" level="INFO">Sending key(s) ('CTRL+A+BACKSPACE',) to css=[itemid="editarTelefoneLocatario"] element.</msg>
<msg time="2024-12-11T11:07:44.979258" level="INFO">Pressing special key CONTROL down.</msg>
<msg time="2024-12-11T11:07:44.979717" level="INFO">Sending key A</msg>
<msg time="2024-12-11T11:07:44.980038" level="INFO">Pressing special key BACKSPACE down.</msg>
<msg time="2024-12-11T11:07:44.980286" level="INFO">Releasing special key CONTROL.</msg>
<msg time="2024-12-11T11:07:44.980512" level="INFO">Releasing special key BACKSPACE.</msg>
<arg>css=[itemid="editarTelefoneLocatario"]</arg>
<arg>CTRL+A+BACKSPACE</arg>
<doc>Simulates the user pressing key(s) to an element or on the active browser.</doc>
<status status="PASS" start="2024-12-11T11:07:44.646166" elapsed="0.426091"/>
</kw>
<kw name="Input Text" owner="SeleniumLibrary">
<msg time="2024-12-11T11:07:45.073674" level="INFO">Typing text '85987858861' into text field 'css=[itemid="editarTelefoneLocatario"]'.</msg>
<arg>css=[itemid="editarTelefoneLocatario"]</arg>
<arg>${TELEPHONE_RENTER_UPDATE}</arg>
<doc>Types the given ``text`` into the text field identified by ``locator``.</doc>
<status status="PASS" start="2024-12-11T11:07:45.072881" elapsed="0.563959"/>
</kw>
<kw name="Click Element" owner="SeleniumLibrary">
<msg time="2024-12-11T11:07:45.637862" level="INFO">Clicking element 'css=[itemid="editarEnderecoLocatario"]'.</msg>
<arg>css=[itemid="editarEnderecoLocatario"]</arg>
<doc>Click the element identified by ``locator``.</doc>
<status status="PASS" start="2024-12-11T11:07:45.637358" elapsed="0.272178"/>
</kw>
<kw name="Press Keys" owner="SeleniumLibrary">
<msg time="2024-12-11T11:07:45.911012" level="INFO">Sending key(s) ('CTRL+A+BACKSPACE',) to css=[itemid="editarEnderecoLocatario"] element.</msg>
<msg time="2024-12-11T11:07:46.227319" level="INFO">Pressing special key CONTROL down.</msg>
<msg time="2024-12-11T11:07:46.227578" level="INFO">Sending key A</msg>
<msg time="2024-12-11T11:07:46.227701" level="INFO">Pressing special key BACKSPACE down.</msg>
<msg time="2024-12-11T11:07:46.227805" level="INFO">Releasing special key CONTROL.</msg>
<msg time="2024-12-11T11:07:46.227917" level="INFO">Releasing special key BACKSPACE.</msg>
<arg>css=[itemid="editarEnderecoLocatario"]</arg>
<arg>CTRL+A+BACKSPACE</arg>
<doc>Simulates the user pressing key(s) to an element or on the active browser.</doc>
<status status="PASS" start="2024-12-11T11:07:45.910077" elapsed="0.360628"/>
</kw>
<kw name="Input Text" owner="SeleniumLibrary">
<msg time="2024-12-11T11:07:46.271826" level="INFO">Typing text 'wdaa' into text field 'css=[itemid="editarEnderecoLocatario"]'.</msg>
<arg>css=[itemid="editarEnderecoLocatario"]</arg>
<arg>${ADRESS_RENTER_UPDATE}</arg>
<doc>Types the given ``text`` into the text field identified by ``locator``.</doc>
<status status="PASS" start="2024-12-11T11:07:46.271226" elapsed="0.126889"/>
</kw>
<kw name="Click Element" owner="SeleniumLibrary">
<msg time="2024-12-11T11:07:46.398759" level="INFO">Clicking element 'css=[itemid="editarCPFLocatario"]'.</msg>
<arg>css=[itemid="editarCPFLocatario"]</arg>
<doc>Click the element identified by ``locator``.</doc>
<status status="PASS" start="2024-12-11T11:07:46.398469" elapsed="0.150883"/>
</kw>
<kw name="Press Keys" owner="SeleniumLibrary">
<msg time="2024-12-11T11:07:46.550910" level="INFO">Sending key(s) ('CTRL+A+BACKSPACE',) to css=[itemid="editarCPFLocatario"] element.</msg>
<msg time="2024-12-11T11:07:46.893803" level="INFO">Pressing special key CONTROL down.</msg>
<msg time="2024-12-11T11:07:46.894104" level="INFO">Sending key A</msg>
<msg time="2024-12-11T11:07:46.894257" level="INFO">Pressing special key BACKSPACE down.</msg>
<msg time="2024-12-11T11:07:46.894390" level="INFO">Releasing special key CONTROL.</msg>
<msg time="2024-12-11T11:07:46.894514" level="INFO">Releasing special key BACKSPACE.</msg>
<arg>css=[itemid="editarCPFLocatario"]</arg>
<arg>CTRL+A+BACKSPACE</arg>
<doc>Simulates the user pressing key(s) to an element or on the active browser.</doc>
<status status="PASS" start="2024-12-11T11:07:46.549972" elapsed="0.471761"/>
</kw>
<kw name="Input Text" owner="SeleniumLibrary">
<msg time="2024-12-11T11:07:47.022853" level="INFO">Typing text '01833442199' into text field 'css=[itemid="editarCPFLocatario"]'.</msg>
<arg>css=[itemid="editarCPFLocatario"]</arg>
<arg>${CPF_RENTER_UPDATE}</arg>
<doc>Types the given ``text`` into the text field identified by ``locator``.</doc>
<status status="PASS" start="2024-12-11T11:07:47.022228" elapsed="0.306697"/>
</kw>
<kw name="Click Button" owner="SeleniumLibrary">
<msg time="2024-12-11T11:07:47.329609" level="INFO">Clicking button 'css=[itemid="BtnEditarLocatario"]'.</msg>
<arg>css=[itemid="BtnEditarLocatario"]</arg>
<doc>Clicks the button identified by ``locator``.</doc>
<status status="PASS" start="2024-12-11T11:07:47.329276" elapsed="0.154911"/>
</kw>
<status status="PASS" start="2024-12-11T11:07:39.947019" elapsed="7.537585"/>
</kw>
<kw name="Teste de pesquisa">
<kw name="Sleep" owner="BuiltIn">
<msg time="2024-12-11T11:07:48.494510" level="INFO">Slept 1 second.</msg>
<arg>1</arg>
<doc>Pauses the test executed for the given time.</doc>
<status status="PASS" start="2024-12-11T11:07:47.493945" elapsed="1.000935"/>
</kw>
<kw name="Input Text" owner="SeleniumLibrary">
<msg time="2024-12-11T11:07:48.495843" level="INFO">Typing text 'locatario Robot Atualizacao' into text field 'css=[itemid="searchInput"]'.</msg>
<arg>css=[itemid="searchInput"]</arg>
<arg>${NAME_RENTER_UPDATE}</arg>
<doc>Types the given ``text`` into the text field identified by ``locator``.</doc>
<status status="PASS" start="2024-12-11T11:07:48.495270" elapsed="0.235571"/>
</kw>
<kw name="Press Keys" owner="SeleniumLibrary">
<msg time="2024-12-11T11:07:48.731731" level="INFO">Sending key(s) ('ENTER',) to css=[itemid="searchInput"] element.</msg>
<msg time="2024-12-11T11:07:49.028184" level="INFO">Pressing special key ENTER to element.</msg>
<msg time="2024-12-11T11:07:49.028427" level="INFO">Releasing special key ENTER.</msg>
<arg>css=[itemid="searchInput"]</arg>
<arg>ENTER</arg>
<doc>Simulates the user pressing key(s) to an element or on the active browser.</doc>
<status status="PASS" start="2024-12-11T11:07:48.731235" elapsed="0.314367"/>
</kw>
<kw name="Press Keys" owner="SeleniumLibrary">
<msg time="2024-12-11T11:07:49.048220" level="INFO">Sending key(s) ('CTRL+A+BACKSPACE',) to css=[itemid="searchInput"] element.</msg>
<msg time="2024-12-11T11:07:49.402790" level="INFO">Pressing special key CONTROL down.</msg>
<msg time="2024-12-11T11:07:49.403088" level="INFO">Sending key A</msg>
<msg time="2024-12-11T11:07:49.403280" level="INFO">Pressing special key BACKSPACE down.</msg>
<msg time="2024-12-11T11:07:49.403639" level="INFO">Releasing special key CONTROL.</msg>
<msg time="2024-12-11T11:07:49.403889" level="INFO">Releasing special key BACKSPACE.</msg>
<arg>css=[itemid="searchInput"]</arg>
<arg>CTRL+A+BACKSPACE</arg>
<doc>Simulates the user pressing key(s) to an element or on the active browser.</doc>
<status status="PASS" start="2024-12-11T11:07:49.046328" elapsed="0.390586"/>
</kw>
<kw name="Press Keys" owner="SeleniumLibrary">
<msg time="2024-12-11T11:07:49.438235" level="INFO">Sending key(s) ('ENTER',) to css=[itemid="searchInput"] element.</msg>
<msg time="2024-12-11T11:07:49.750814" level="INFO">Pressing special key ENTER to element.</msg>
<msg time="2024-12-11T11:07:49.751201" level="INFO">Releasing special key ENTER.</msg>
<arg>css=[itemid="searchInput"]</arg>
<arg>ENTER</arg>
<doc>Simulates the user pressing key(s) to an element or on the active browser.</doc>
<status status="PASS" start="2024-12-11T11:07:49.437495" elapsed="0.339983"/>
</kw>
<kw name="Sleep" owner="BuiltIn">
<msg time="2024-12-11T11:07:50.778892" level="INFO">Slept 1 second.</msg>
<arg>1</arg>
<doc>Pauses the test executed for the given time.</doc>
<status status="PASS" start="2024-12-11T11:07:49.777988" elapsed="1.001230"/>
</kw>
<kw name="Input Text" owner="SeleniumLibrary">
<msg time="2024-12-11T11:07:50.779989" level="INFO">Typing text 'locatarioRobotAtualizacao@gmail.com' into text field 'css=[itemid="searchInput"]'.</msg>
<arg>css=[itemid="searchInput"]</arg>
<arg>${EMAIL_RENTER_UPDATE}</arg>
<doc>Types the given ``text`` into the text field identified by ``locator``.</doc>
<status status="PASS" start="2024-12-11T11:07:50.779576" elapsed="0.199786"/>
</kw>
<kw name="Press Keys" owner="SeleniumLibrary">
<msg time="2024-12-11T11:07:50.982229" level="INFO">Sending key(s) ('ENTER',) to css=[itemid="searchInput"] element.</msg>
<msg time="2024-12-11T11:07:51.274894" level="INFO">Pressing special key ENTER to element.</msg>
<msg time="2024-12-11T11:07:51.275407" level="INFO">Releasing special key ENTER.</msg>
<arg>css=[itemid="searchInput"]</arg>
<arg>ENTER</arg>
<doc>Simulates the user pressing key(s) to an element or on the active browser.</doc>
<status status="PASS" start="2024-12-11T11:07:50.980128" elapsed="0.309572"/>
</kw>
<kw name="Press Keys" owner="SeleniumLibrary">
<msg time="2024-12-11T11:07:51.291074" level="INFO">Sending key(s) ('CTRL+A+BACKSPACE',) to css=[itemid="searchInput"] element.</msg>
<msg time="2024-12-11T11:07:51.588240" level="INFO">Pressing special key CONTROL down.</msg>
<msg time="2024-12-11T11:07:51.588675" level="INFO">Sending key A</msg>
<msg time="2024-12-11T11:07:51.588936" level="INFO">Pressing special key BACKSPACE down.</msg>
<msg time="2024-12-11T11:07:51.589058" level="INFO">Releasing special key CONTROL.</msg>
<msg time="2024-12-11T11:07:51.589160" level="INFO">Releasing special key BACKSPACE.</msg>
<arg>css=[itemid="searchInput"]</arg>
<arg>CTRL+A+BACKSPACE</arg>
<doc>Simulates the user pressing key(s) to an element or on the active browser.</doc>
<status status="PASS" start="2024-12-11T11:07:51.290214" elapsed="0.326936"/>
</kw>
<kw name="Press Keys" owner="SeleniumLibrary">
<msg time="2024-12-11T11:07:51.617948" level="INFO">Sending key(s) ('ENTER',) to css=[itemid="searchInput"] element.</msg>
<msg time="2024-12-11T11:07:51.930241" level="INFO">Pressing special key ENTER to element.</msg>
<msg time="2024-12-11T11:07:51.930644" level="INFO">Releasing special key ENTER.</msg>
<arg>css=[itemid="searchInput"]</arg>
<arg>ENTER</arg>
<doc>Simulates the user pressing key(s) to an element or on the active browser.</doc>
<status status="PASS" start="2024-12-11T11:07:51.617448" elapsed="0.331846"/>
</kw>
<kw name="Sleep" owner="BuiltIn">
<msg time="2024-12-11T11:07:52.951031" level="INFO">Slept 1 second.</msg>
<arg>1</arg>
<doc>Pauses the test executed for the given time.</doc>
<status status="PASS" start="2024-12-11T11:07:51.949785" elapsed="1.001708"/>
</kw>
<kw name="Input Text" owner="SeleniumLibrary">
<msg time="2024-12-11T11:07:52.952210" level="INFO">Typing text '85987858861' into text field 'css=[itemid="searchInput"]'.</msg>
<arg>css=[itemid="searchInput"]</arg>
<arg>${TELEPHONE_RENTER_UPDATE}</arg>
<doc>Types the given ``text`` into the text field identified by ``locator``.</doc>
<status status="PASS" start="2024-12-11T11:07:52.951824" elapsed="0.135543"/>
</kw>
<kw name="Press Keys" owner="SeleniumLibrary">
<msg time="2024-12-11T11:07:53.091861" level="INFO">Sending key(s) ('ENTER',) to css=[itemid="searchInput"] element.</msg>
<msg time="2024-12-11T11:07:53.398761" level="INFO">Pressing special key ENTER to element.</msg>
<msg time="2024-12-11T11:07:53.399008" level="INFO">Releasing special key ENTER.</msg>
<arg>css=[itemid="searchInput"]</arg>
<arg>ENTER</arg>
<doc>Simulates the user pressing key(s) to an element or on the active browser.</doc>
<status status="PASS" start="2024-12-11T11:07:53.090027" elapsed="0.322296"/>
</kw>
<kw name="Press Keys" owner="SeleniumLibrary">
<msg time="2024-12-11T11:07:53.413761" level="INFO">Sending key(s) ('CTRL+A+BACKSPACE',) to css=[itemid="searchInput"] element.</msg>
<msg time="2024-12-11T11:07:53.723832" level="INFO">Pressing special key CONTROL down.</msg>
<msg time="2024-12-11T11:07:53.724072" level="INFO">Sending key A</msg>
<msg time="2024-12-11T11:07:53.724203" level="INFO">Pressing special key BACKSPACE down.</msg>
<msg time="2024-12-11T11:07:53.724319" level="INFO">Releasing special key CONTROL.</msg>
<msg time="2024-12-11T11:07:53.724429" level="INFO">Releasing special key BACKSPACE.</msg>
<arg>css=[itemid="searchInput"]</arg>
<arg>CTRL+A+BACKSPACE</arg>
<doc>Simulates the user pressing key(s) to an element or on the active browser.</doc>
<status status="PASS" start="2024-12-11T11:07:53.412850" elapsed="0.337229"/>
</kw>
<kw name="Press Keys" owner="SeleniumLibrary">
<msg time="2024-12-11T11:07:53.751192" level="INFO">Sending key(s) ('ENTER',) to css=[itemid="searchInput"] element.</msg>
<msg time="2024-12-11T11:07:54.095814" level="INFO">Pressing special key ENTER to element.</msg>
<msg time="2024-12-11T11:07:54.096189" level="INFO">Releasing special key ENTER.</msg>
<arg>css=[itemid="searchInput"]</arg>
<arg>ENTER</arg>
<doc>Simulates the user pressing key(s) to an element or on the active browser.</doc>
<status status="PASS" start="2024-12-11T11:07:53.750590" elapsed="0.367660"/>
</kw>
<kw name="Sleep" owner="BuiltIn">
<msg time="2024-12-11T11:07:55.120222" level="INFO">Slept 1 second.</msg>
<arg>1</arg>
<doc>Pauses the test executed for the given time.</doc>
<status status="PASS" start="2024-12-11T11:07:54.118831" elapsed="1.001805"/>
</kw>
<status status="PASS" start="2024-12-11T11:07:47.493066" elapsed="7.628014"/>
</kw>
<kw name="Teste Sobre Locatario">
<kw name="Sleep" owner="BuiltIn">
<msg time="2024-12-11T11:07:56.133146" level="INFO">Slept 1 second.</msg>
<arg>1</arg>
<doc>Pauses the test executed for the given time.</doc>
<status status="PASS" start="2024-12-11T11:07:55.131578" elapsed="1.002078"/>
</kw>
<kw name="Wait Until Element Is Visible" owner="SeleniumLibrary">
<arg>css=[itemid="visibility-locatario Robot Atualizacao"]</arg>
<doc>Waits until the element ``locator`` is visible.</doc>
<status status="PASS" start="2024-12-11T11:07:56.134187" elapsed="0.029617"/>
</kw>
<kw name="Click Element" owner="SeleniumLibrary">
<msg time="2024-12-11T11:07:56.164503" level="INFO">Clicking element 'css=[itemid="visibility-locatario Robot Atualizacao"]'.</msg>
<arg>css=[itemid="visibility-locatario Robot Atualizacao"]</arg>
<doc>Click the element identified by ``locator``.</doc>
<status status="PASS" start="2024-12-11T11:07:56.164172" elapsed="0.151389"/>
</kw>
<kw name="Sleep" owner="BuiltIn">
<msg time="2024-12-11T11:07:57.319670" level="INFO">Slept 1 second.</msg>
<arg>1</arg>
<doc>Pauses the test executed for the given time.</doc>
<status status="PASS" start="2024-12-11T11:07:56.318095" elapsed="1.001905"/>
</kw>
<kw name="Click Button" owner="SeleniumLibrary">
<msg time="2024-12-11T11:07:57.320708" level="INFO">Clicking button 'css=[itemid="BtnSobreLocatario"]'.</msg>
<arg>css=[itemid="BtnSobreLocatario"]</arg>
<doc>Clicks the button identified by ``locator``.</doc>
<status status="PASS" start="2024-12-11T11:07:57.320348" elapsed="0.137608"/>
</kw>
<status status="PASS" start="2024-12-11T11:07:55.130821" elapsed="2.327888"/>
</kw>
<kw name="Teste Exclusão Locatario">
<kw name="Sleep" owner="BuiltIn">
<msg time="2024-12-11T11:07:58.462261" level="INFO">Slept 1 second.</msg>
<arg>1</arg>
<doc>Pauses the test executed for the given time.</doc>
<status status="PASS" start="2024-12-11T11:07:57.460907" elapsed="1.001715"/>
</kw>
<kw name="Wait Until Element Is Visible" owner="SeleniumLibrary">
<arg>css=[itemid="delete-locatario Robot Atualizacao"]</arg>
<doc>Waits until the element ``locator`` is visible.</doc>
<status status="PASS" start="2024-12-11T11:07:58.462934" elapsed="0.030814"/>
</kw>
<kw name="Click Element" owner="SeleniumLibrary">
<msg time="2024-12-11T11:07:58.494433" level="INFO">Clicking element 'css=[itemid="delete-locatario Robot Atualizacao"]'.</msg>
<arg>css=[itemid="delete-locatario Robot Atualizacao"]</arg>
<doc>Click the element identified by ``locator``.</doc>
<status status="PASS" start="2024-12-11T11:07:58.494096" elapsed="0.142965"/>
</kw>
<kw name="Sleep" owner="BuiltIn">
<msg time="2024-12-11T11:07:59.639251" level="INFO">Slept 1 second.</msg>
<arg>1</arg>
<doc>Pauses the test executed for the given time.</doc>
<status status="PASS" start="2024-12-11T11:07:58.637637" elapsed="1.001979"/>
</kw>
<kw name="Click Button" owner="SeleniumLibrary">
<msg time="2024-12-11T11:07:59.640313" level="INFO">Clicking button 'css=[itemid="BtnExcluirLocatario"]'.</msg>
<arg>css=[itemid="BtnExcluirLocatario"]</arg>
<doc>Clicks the button identified by ``locator``.</doc>
<status status="PASS" start="2024-12-11T11:07:59.639956" elapsed="0.138513"/>
</kw>
<status status="PASS" start="2024-12-11T11:07:57.459999" elapsed="2.318935"/>
</kw>
<status status="PASS" start="2024-12-11T11:07:28.940708" elapsed="30.841975"/>
</test>
<status status="PASS" start="2024-12-11T11:07:27.688281" elapsed="32.106186"/>
</suite>
<statistics>
<total>
<stat pass="1" fail="0" skip="0">All Tests</stat>
</total>
<tag>
</tag>
<suite>
<stat pass="1" fail="0" skip="0" id="s1" name="Locaratio">Locaratio</stat>
</suite>
</statistics>
<errors>
<msg time="2024-12-11T11:07:28.928978" level="ERROR">Error in file 'c:\Users\Pablo\Documents\locadora-pablo\test\locaratio.robot' on line 7: Error in file 'c:\Users\Pablo\Documents\locadora-pablo\test\autentificacao.robot' on line 15: Resource file with 'Test Cases' section is invalid.</msg>
</errors>
</robot>
