<?xml version="1.0" encoding="UTF-8"?>
<robot generator="Robot 7.1.1 (Python 3.13.0 on win32)" generated="2025-01-17T21:12:51.935706" rpa="false" schemaversion="5">
<suite id="s1" name="Livro" source="c:\Users\Pablo\Documents\locadora-pablo\test\livro.robot">
<kw name="Iniciar Navegador" type="SETUP">
<kw name="Evaluate" owner="BuiltIn">
<msg time="2025-01-17T21:12:52.542624" level="INFO">${options} = &lt;selenium.webdriver.firefox.options.Options object at 0x000002183B148C20&gt;</msg>
<var>${options}</var>
<arg>sys.modules['selenium.webdriver'].FirefoxOptions()</arg>
<arg>sys, selenium.webdriver</arg>
<doc>Evaluates the given expression in Python and returns the result.</doc>
<status status="PASS" start="2025-01-17T21:12:52.541444" elapsed="0.006759"/>
</kw>
<kw name="Call Method" owner="BuiltIn">
<arg>${options}</arg>
<arg>add_argument</arg>
<arg>--headless</arg>
<doc>Calls the named method of the given object with the provided arguments.</doc>
<status status="PASS" start="2025-01-17T21:12:52.548851" elapsed="0.000876"/>
</kw>
<kw name="Open Browser" owner="SeleniumLibrary">
<msg time="2025-01-17T21:12:52.552046" level="INFO">Opening browser 'firefox' to base url 'https://locadora-pablo.altislabtech.com.br/'.</msg>
<arg>${URL}</arg>
<arg>${BROWSER}</arg>
<arg>options=${options}</arg>
<doc>Opens a new browser instance to the optional ``url``.</doc>
<status status="PASS" start="2025-01-17T21:12:52.550878" elapsed="7.273671"/>
</kw>
<kw name="Set Selenium Speed" owner="SeleniumLibrary">
<arg>3s</arg>
<doc>Sets the delay that is waited after each Selenium command.</doc>
<status status="PASS" start="2025-01-17T21:12:59.825127" elapsed="0.000748"/>
</kw>
<status status="PASS" start="2025-01-17T21:12:52.538583" elapsed="7.287721"/>
</kw>
<test id="s1-t1" name="Livro" line="29">
<kw name="Login">
<kw name="Maximize Browser Window" owner="SeleniumLibrary">
<doc>Maximizes current browser window.</doc>
<status status="PASS" start="2025-01-17T21:12:59.835733" elapsed="3.004066"/>
</kw>
<kw name="Wait Until Element Is Visible" owner="SeleniumLibrary">
<arg>css=[itemid="emailInput"]</arg>
<arg>timeout=10s</arg>
<doc>Waits until the element ``locator`` is visible.</doc>
<status status="PASS" start="2025-01-17T21:13:02.840130" elapsed="6.045478"/>
</kw>
<kw name="Click Element" owner="SeleniumLibrary">
<msg time="2025-01-17T21:13:08.886348" level="INFO">Clicking element 'css=[itemid="emailInput"]'.</msg>
<arg>css=[itemid="emailInput"]</arg>
<doc>Click the element identified by ``locator``.</doc>
<status status="PASS" start="2025-01-17T21:13:08.886002" elapsed="6.319294"/>
</kw>
<kw name="Element Should Be Enabled" owner="SeleniumLibrary">
<arg>css=[itemid="emailInput"]</arg>
<doc>Verifies that element identified by ``locator`` is enabled.</doc>
<status status="PASS" start="2025-01-17T21:13:15.205901" elapsed="9.020379"/>
</kw>
<kw name="Input Text" owner="SeleniumLibrary">
<msg time="2025-01-17T21:13:24.227048" level="INFO">Typing text 'admin@gmail.com' into text field 'css=[itemid="emailInput"]'.</msg>
<arg>css=[itemid="emailInput"]</arg>
<arg>${EMAIL}</arg>
<doc>Types the given ``text`` into the text field identified by ``locator``.</doc>
<status status="PASS" start="2025-01-17T21:13:24.226625" elapsed="9.045490"/>
</kw>
<kw name="Wait Until Element Is Visible" owner="SeleniumLibrary">
<arg>css=[itemid="passwordInput"]</arg>
<arg>timeout=10s</arg>
<doc>Waits until the element ``locator`` is visible.</doc>
<status status="PASS" start="2025-01-17T21:13:33.272473" elapsed="6.013351"/>
</kw>
<kw name="Click Element" owner="SeleniumLibrary">
<msg time="2025-01-17T21:13:39.286618" level="INFO">Clicking element 'css=[itemid="passwordInput"]'.</msg>
<arg>css=[itemid="passwordInput"]</arg>
<doc>Click the element identified by ``locator``.</doc>
<status status="PASS" start="2025-01-17T21:13:39.286206" elapsed="6.243988"/>
</kw>
<kw name="Element Should Be Enabled" owner="SeleniumLibrary">
<arg>css=[itemid="passwordInput"]</arg>
<doc>Verifies that element identified by ``locator`` is enabled.</doc>
<status status="PASS" start="2025-01-17T21:13:45.530597" elapsed="9.015442"/>
</kw>
<kw name="Input Text" owner="SeleniumLibrary">
<msg time="2025-01-17T21:13:54.547057" level="INFO">Typing text '12345678' into text field 'css=[itemid="passwordInput"]'.</msg>
<arg>css=[itemid="passwordInput"]</arg>
<arg>${PASSWORD}</arg>
<doc>Types the given ``text`` into the text field identified by ``locator``.</doc>
<status status="PASS" start="2025-01-17T21:13:54.546583" elapsed="9.020016"/>
</kw>
<kw name="Click Element" owner="SeleniumLibrary">
<msg time="2025-01-17T21:14:03.567500" level="INFO">Clicking element 'css=[itemid="loginBtn"]'.</msg>
<arg>css=[itemid="loginBtn"]</arg>
<doc>Click the element identified by ``locator``.</doc>
<status status="PASS" start="2025-01-17T21:14:03.567046" elapsed="6.232120"/>
</kw>
<kw name="Sleep" owner="BuiltIn">
<msg time="2025-01-17T21:14:11.801334" level="INFO">Slept 2 seconds.</msg>
<arg>2</arg>
<doc>Pauses the test executed for the given time.</doc>
<status status="PASS" start="2025-01-17T21:14:09.799617" elapsed="2.002051"/>
</kw>
<status status="PASS" start="2025-01-17T21:12:59.834911" elapsed="71.967122"/>
</kw>
<kw name="Cadastrar Livro">
<kw name="Click Item In Menu">
<kw name="Set Variable" owner="BuiltIn">
<msg time="2025-01-17T21:14:11.805751" level="INFO">${itemid} = menu-item-livros</msg>
<var>${itemid}</var>
<arg>menu-item-${menu_item.lower().replace(" ", "-")}</arg>
<doc>Returns the given values which can then be assigned to a variables.</doc>
<status status="PASS" start="2025-01-17T21:14:11.804757" elapsed="0.001326"/>
</kw>
<kw name="Click Element" owner="SeleniumLibrary">
<msg time="2025-01-17T21:14:11.807101" level="INFO">Clicking element 'css=[itemid=menu-item-livros]'.</msg>
<arg>css=[itemid=${itemid}]</arg>
<doc>Click the element identified by ``locator``.</doc>
<status status="PASS" start="2025-01-17T21:14:11.806496" elapsed="6.236247"/>
</kw>
<arg>Livros</arg>
<status status="PASS" start="2025-01-17T21:14:11.804132" elapsed="6.238922"/>
</kw>
<kw name="Wait Until Element Is Visible" owner="SeleniumLibrary">
<arg>css=[itemid="menu-item-home"]</arg>
<arg>timeout=10s</arg>
<doc>Waits until the element ``locator`` is visible.</doc>
<status status="PASS" start="2025-01-17T21:14:18.043397" elapsed="6.019165"/>
</kw>
<kw name="Sleep" owner="BuiltIn">
<msg time="2025-01-17T21:14:25.064097" level="INFO">Slept 1 second.</msg>
<arg>1</arg>
<doc>Pauses the test executed for the given time.</doc>
<status status="PASS" start="2025-01-17T21:14:24.062931" elapsed="1.001535"/>
</kw>
<kw name="Click Button" owner="SeleniumLibrary">
<msg time="2025-01-17T21:14:25.065161" level="INFO">Clicking button 'css=[itemid="cadastroBtnLivro"]'.</msg>
<arg>css=[itemid="cadastroBtnLivro"]</arg>
<doc>Clicks the button identified by ``locator``.</doc>
<status status="PASS" start="2025-01-17T21:14:25.064791" elapsed="15.293517"/>
</kw>
<kw name="Input Text" owner="SeleniumLibrary">
<msg time="2025-01-17T21:14:40.359263" level="INFO">Typing text 'Livro Robot' into text field 'css=[itemid="cadastroTituloLivro"]'.</msg>
<arg>css=[itemid="cadastroTituloLivro"]</arg>
<arg>${TITLE_BOOK}</arg>
<doc>Types the given ``text`` into the text field identified by ``locator``.</doc>
<status status="PASS" start="2025-01-17T21:14:40.358751" elapsed="9.055360"/>
</kw>
<kw name="Input Text" owner="SeleniumLibrary">
<msg time="2025-01-17T21:14:49.415141" level="INFO">Typing text 'Autor Robot' into text field 'css=[itemid="cadastroAutorLivro"]'.</msg>
<arg>css=[itemid="cadastroAutorLivro"]</arg>
<arg>${AUTOR_BOOK}</arg>
<doc>Types the given ``text`` into the text field identified by ``locator``.</doc>
<status status="PASS" start="2025-01-17T21:14:49.414648" elapsed="9.029547"/>
</kw>
<kw name="Input Text" owner="SeleniumLibrary">
<msg time="2025-01-17T21:14:58.445160" level="INFO">Typing text '10' into text field 'css=[itemid="cadastrarQuantidadeLivro"]'.</msg>
<arg>css=[itemid="cadastrarQuantidadeLivro"]</arg>
<arg>${QUANTIDADE_BOOK}</arg>
<doc>Types the given ``text`` into the text field identified by ``locator``.</doc>
<status status="PASS" start="2025-01-17T21:14:58.444668" elapsed="9.023476"/>
</kw>
<kw name="Input Text" owner="SeleniumLibrary">
<msg time="2025-01-17T21:15:07.469481" level="INFO">Typing text '22112024' into text field 'css=[itemid="cadastrarDataLivro"]'.</msg>
<arg>css=[itemid="cadastrarDataLivro"]</arg>
<arg>${DATE_BOOK}</arg>
<doc>Types the given ``text`` into the text field identified by ``locator``.</doc>
<status status="PASS" start="2025-01-17T21:15:07.468965" elapsed="9.020820"/>
</kw>
<kw name="Wait Until Page Contains Element" owner="SeleniumLibrary">
<arg>//div[@class='q-field__control-container col relative-position row no-wrap q-anchor--skip'][contains(.,'Selecione a editora')]</arg>
<arg>timeout=10s</arg>
<doc>Waits until the element ``locator`` appears on the current page.</doc>
<status status="PASS" start="2025-01-17T21:15:16.490207" elapsed="3.005648"/>
</kw>
<kw name="Click Element" owner="SeleniumLibrary">
<msg time="2025-01-17T21:15:19.496715" level="INFO">Clicking element '//div[@class='q-field__control-container col relative-position row no-wrap q-anchor--skip'][contains(.,'Selecione a editora')]'.</msg>
<arg>//div[@class='q-field__control-container col relative-position row no-wrap q-anchor--skip'][contains(.,'Selecione a editora')]</arg>
<doc>Click the element identified by ``locator``.</doc>
<status status="PASS" start="2025-01-17T21:15:19.496272" elapsed="6.243408"/>
</kw>
<kw name="Wait Until Page Contains Element" owner="SeleniumLibrary">
<arg>//div[@role="option" and .//span[text()="EDITORA"]]</arg>
<arg>timeout=10s</arg>
<doc>Waits until the element ``locator`` appears on the current page.</doc>
<status status="PASS" start="2025-01-17T21:15:25.740085" elapsed="3.005338"/>
</kw>
<kw name="Click Element" owner="SeleniumLibrary">
<msg time="2025-01-17T21:15:28.746500" level="INFO">Clicking element '//div[@role="option" and .//span[text()="EDITORA"]]'.</msg>
<arg>//div[@role="option" and .//span[text()="EDITORA"]]</arg>
<doc>Click the element identified by ``locator``.</doc>
<status status="PASS" start="2025-01-17T21:15:28.746114" elapsed="6.229315"/>
</kw>
<kw name="Click Button" owner="SeleniumLibrary">
<msg time="2025-01-17T21:15:34.976433" level="INFO">Clicking button 'css=[itemid="BtnCadastrarLivro"]'.</msg>
<arg>css=[itemid="BtnCadastrarLivro"]</arg>
<doc>Clicks the button identified by ``locator``.</doc>
<status status="PASS" start="2025-01-17T21:15:34.975867" elapsed="15.256441"/>
</kw>
<status status="PASS" start="2025-01-17T21:14:11.803312" elapsed="98.429316"/>
</kw>
<kw name="Editar Livro">
<kw name="Sleep" owner="BuiltIn">
<msg time="2025-01-17T21:15:51.235576" level="INFO">Slept 1 second.</msg>
<arg>1</arg>
<doc>Pauses the test executed for the given time.</doc>
<status status="PASS" start="2025-01-17T21:15:50.234476" elapsed="1.001736"/>
</kw>
<kw name="Wait Until Element Is Visible" owner="SeleniumLibrary">
<msg time="2025-01-17T21:16:10.318473" level="INFO" html="true">&lt;/td&gt;&lt;/tr&gt;&lt;tr&gt;&lt;td colspan="3"&gt;&lt;a href="selenium-screenshot-6.png"&gt;&lt;img src="selenium-screenshot-6.png" width="800px"&gt;&lt;/a&gt;</msg>
<msg time="2025-01-17T21:16:10.318981" level="FAIL">Element 'css=[itemid="edit-Livro Robot"]' not visible after 15 seconds.</msg>
<arg>css=[itemid="edit-Livro Robot"]</arg>
<arg>timeout=15s</arg>
<doc>Waits until the element ``locator`` is visible.</doc>
<status status="FAIL" start="2025-01-17T21:15:51.236601" elapsed="19.088156">Element 'css=[itemid="edit-Livro Robot"]' not visible after 15 seconds.</status>
</kw>
<kw name="Sleep" owner="BuiltIn">
<arg>1</arg>
<doc>Pauses the test executed for the given time.</doc>
<status status="NOT RUN" start="2025-01-17T21:16:10.325305" elapsed="0.000252"/>
</kw>
<kw name="Click Element" owner="SeleniumLibrary">
<arg>css=[itemid="edit-Livro Robot"]</arg>
<doc>Click the element identified by ``locator``.</doc>
<status status="NOT RUN" start="2025-01-17T21:16:10.325997" elapsed="0.000219"/>
</kw>
<kw name="Sleep" owner="BuiltIn">
<arg>1</arg>
<doc>Pauses the test executed for the given time.</doc>
<status status="NOT RUN" start="2025-01-17T21:16:10.326587" elapsed="0.000217"/>
</kw>
<kw name="Click Element" owner="SeleniumLibrary">
<arg>css=[itemid="editarTituloLivro"]</arg>
<doc>Click the element identified by ``locator``.</doc>
<status status="NOT RUN" start="2025-01-17T21:16:10.327219" elapsed="0.000185"/>
</kw>
<kw name="Press Keys" owner="SeleniumLibrary">
<arg>css=[itemid="editarTituloLivro"]</arg>
<arg>CTRL+A+BACKSPACE</arg>
<doc>Simulates the user pressing key(s) to an element or on the active browser.</doc>
<status status="NOT RUN" start="2025-01-17T21:16:10.327657" elapsed="0.000147"/>
</kw>
<kw name="Input Text" owner="SeleniumLibrary">
<arg>css=[itemid="editarTituloLivro"]</arg>
<arg>${TITLE_BOOK_UPDATE}</arg>
<doc>Types the given ``text`` into the text field identified by ``locator``.</doc>
<status status="NOT RUN" start="2025-01-17T21:16:10.328069" elapsed="0.000134"/>
</kw>
<kw name="Click Element" owner="SeleniumLibrary">
<arg>css=[itemid="editarAutorLivro"]</arg>
<doc>Click the element identified by ``locator``.</doc>
<status status="NOT RUN" start="2025-01-17T21:16:10.328419" elapsed="0.000115"/>
</kw>
<kw name="Press Keys" owner="SeleniumLibrary">
<arg>css=[itemid="editarAutorLivro"]</arg>
<arg>CTRL+A+BACKSPACE</arg>
<doc>Simulates the user pressing key(s) to an element or on the active browser.</doc>
<status status="NOT RUN" start="2025-01-17T21:16:10.328746" elapsed="0.000135"/>
</kw>
<kw name="Input Text" owner="SeleniumLibrary">
<arg>css=[itemid="editarAutorLivro"]</arg>
<arg>${AUTOR_BOOK_UPDATE}</arg>
<doc>Types the given ``text`` into the text field identified by ``locator``.</doc>
<status status="NOT RUN" start="2025-01-17T21:16:10.329097" elapsed="0.000125"/>
</kw>
<kw name="Click Element" owner="SeleniumLibrary">
<arg>css=[itemid="editarQuantidadeLivro"]</arg>
<doc>Click the element identified by ``locator``.</doc>
<status status="NOT RUN" start="2025-01-17T21:16:10.329406" elapsed="0.000101"/>
</kw>
<kw name="Press Keys" owner="SeleniumLibrary">
<arg>css=[itemid="editarQuantidadeLivro"]</arg>
<arg>CTRL+A+BACKSPACE</arg>
<doc>Simulates the user pressing key(s) to an element or on the active browser.</doc>
<status status="NOT RUN" start="2025-01-17T21:16:10.329682" elapsed="0.000101"/>
</kw>
<kw name="Input Text" owner="SeleniumLibrary">
<arg>css=[itemid="editarQuantidadeLivro"]</arg>
<arg>${QUANTIDADE_BOOK_UPDATE}</arg>
<doc>Types the given ``text`` into the text field identified by ``locator``.</doc>
<status status="NOT RUN" start="2025-01-17T21:16:10.330430" elapsed="0.000288"/>
</kw>
<kw name="Click Element" owner="SeleniumLibrary">
<arg>css=[itemid="editarDataLivro"]</arg>
<doc>Click the element identified by ``locator``.</doc>
<status status="NOT RUN" start="2025-01-17T21:16:10.331154" elapsed="0.000139"/>
</kw>
<kw name="Press Keys" owner="SeleniumLibrary">
<arg>css=[itemid="editarDataLivro"]</arg>
<arg>CTRL+A+BACKSPACE</arg>
<doc>Simulates the user pressing key(s) to an element or on the active browser.</doc>
<status status="NOT RUN" start="2025-01-17T21:16:10.331491" elapsed="0.000106"/>
</kw>
<kw name="Input Text" owner="SeleniumLibrary">
<arg>css=[itemid="editarDataLivro"]</arg>
<arg>${DATE_BOOK_UPDATE}</arg>
<doc>Types the given ``text`` into the text field identified by ``locator``.</doc>
<status status="NOT RUN" start="2025-01-17T21:16:10.331764" elapsed="0.000120"/>
</kw>
<kw name="Wait Until Page Contains Element" owner="SeleniumLibrary">
<arg>//div[@class='q-field__control-container col relative-position row no-wrap q-anchor--skip'][contains(.,'Selecione a editora')]</arg>
<arg>timeout=10s</arg>
<doc>Waits until the element ``locator`` appears on the current page.</doc>
<status status="NOT RUN" start="2025-01-17T21:16:10.332061" elapsed="0.000118"/>
</kw>
<kw name="Click Element" owner="SeleniumLibrary">
<arg>//div[@class='q-field__control-container col relative-position row no-wrap q-anchor--skip'][contains(.,'Selecione a editora')]</arg>
<doc>Click the element identified by ``locator``.</doc>
<status status="NOT RUN" start="2025-01-17T21:16:10.332352" elapsed="0.000095"/>
</kw>
<kw name="Wait Until Page Contains Element" owner="SeleniumLibrary">
<arg>//div[@role="option" and .//span[text()="EDITORA 2"]]</arg>
<arg>timeout=10s</arg>
<doc>Waits until the element ``locator`` appears on the current page.</doc>
<status status="NOT RUN" start="2025-01-17T21:16:10.332827" elapsed="0.000216"/>
</kw>
<kw name="Click Element" owner="SeleniumLibrary">
<arg>//div[@role="option" and .//span[text()="EDITORA 2"]]</arg>
<doc>Click the element identified by ``locator``.</doc>
<status status="NOT RUN" start="2025-01-17T21:16:10.333375" elapsed="0.000124"/>
</kw>
<kw name="Click Button" owner="SeleniumLibrary">
<arg>css=[itemid="BtnEditarLivro"]</arg>
<doc>Clicks the button identified by ``locator``.</doc>
<status status="NOT RUN" start="2025-01-17T21:16:10.333703" elapsed="0.000124"/>
</kw>
<status status="FAIL" start="2025-01-17T21:15:50.233733" elapsed="20.100315">Element 'css=[itemid="edit-Livro Robot"]' not visible after 15 seconds.</status>
</kw>
<kw name="Teste de pesquisa">
<status status="NOT RUN" start="2025-01-17T21:16:10.334952" elapsed="0.000251"/>
</kw>
<kw name="Teste Sobre Livro">
<status status="NOT RUN" start="2025-01-17T21:16:10.336014" elapsed="0.000234"/>
</kw>
<kw name="Teste Exclusão Livro">
<status status="NOT RUN" start="2025-01-17T21:16:10.337130" elapsed="0.000268"/>
</kw>
<status status="FAIL" start="2025-01-17T21:12:59.826690" elapsed="190.511480">Element 'css=[itemid="edit-Livro Robot"]' not visible after 15 seconds.</status>
</test>
<kw name="Fechar Navegador" type="TEARDOWN">
<kw name="Close Browser" owner="SeleniumLibrary">
<doc>Closes the current browser.</doc>
<status status="PASS" start="2025-01-17T21:16:10.342054" elapsed="5.630984"/>
</kw>
<status status="PASS" start="2025-01-17T21:16:10.341395" elapsed="5.631917"/>
</kw>
<status status="FAIL" start="2025-01-17T21:12:51.944751" elapsed="204.028676"/>
</suite>
<statistics>
<total>
<stat pass="0" fail="1" skip="0">All Tests</stat>
</total>
<tag>
</tag>
<suite>
<stat pass="0" fail="1" skip="0" id="s1" name="Livro">Livro</stat>
</suite>
</statistics>
<errors>
</errors>
</robot>
